2023-03-15 20:46:29 INFO  [main]: Parse input arguments
2023-03-15 20:46:29 DEBUG [main]: Declared fields from class was taken
2023-03-15 20:46:29 INFO  [main]: Created and run class Commands.Push
2023-03-15 20:46:29 INFO  [main]: Parse input arguments
2023-03-15 20:46:29 DEBUG [main]: Declared fields from class was taken
2023-03-15 20:46:29 INFO  [main]: Created and run class Commands.SquareRoot
2023-03-15 20:46:29 INFO  [main]: Parse input arguments
2023-03-15 20:46:29 DEBUG [main]: Declared fields from class was taken
2023-03-15 20:46:29 INFO  [main]: Created and run class Commands.Push
2023-03-15 20:46:29 INFO  [main]: Parse input arguments
2023-03-15 20:46:29 DEBUG [main]: Declared fields from class was taken
2023-03-15 20:46:29 INFO  [main]: Created and run class Commands.Addition
2023-03-15 20:46:29 INFO  [main]: Parse input arguments
2023-03-15 20:46:29 DEBUG [main]: Declared fields from class was taken
2023-03-15 20:46:29 INFO  [main]: Created and run class Commands.Print
2023-03-15 20:46:29 INFO  [main]: Parse input arguments
2023-03-15 20:46:29 DEBUG [main]: Declared fields from class was taken
2023-03-15 20:46:29 INFO  [main]: Created and run class Commands.Pop
2023-03-15 20:46:29 INFO  [main]: Parse input arguments
2023-03-15 20:46:29 DEBUG [main]: Declared fields from class was taken
2023-03-15 20:46:29 INFO  [main]: Created and run class Commands.Define
2023-03-15 20:46:29 INFO  [main]: Parse input arguments
2023-03-15 20:46:29 DEBUG [main]: Declared fields from class was taken
2023-03-15 20:46:29 INFO  [main]: Created and run class Commands.Push
2023-03-15 20:46:29 INFO  [main]: Parse input arguments
2023-03-15 20:46:29 DEBUG [main]: Declared fields from class was taken
2023-03-15 20:46:29 INFO  [main]: Created and run class Commands.Define
2023-03-15 20:46:29 INFO  [main]: Parse input arguments
2023-03-15 20:46:29 DEBUG [main]: Declared fields from class was taken
2023-03-15 20:46:29 INFO  [main]: Created and run class Commands.Push
2023-03-15 20:46:29 INFO  [main]: Parse input arguments
2023-03-15 20:46:29 DEBUG [main]: Declared fields from class was taken
2023-03-15 20:46:29 INFO  [main]: Created and run class Commands.Addition
2023-03-15 20:46:29 INFO  [main]: Parse input arguments
2023-03-15 20:46:29 DEBUG [main]: Declared fields from class was taken
2023-03-15 20:46:29 INFO  [main]: Created and run class Commands.Print
2023-03-15 20:46:29 INFO  [main]: Parse input arguments
2023-03-15 20:46:29 DEBUG [main]: Declared fields from class was taken
2023-03-15 20:46:29 INFO  [main]: Created and run class Commands.Pop
2023-03-15 20:47:24 ERROR [main]: No input file
2023-03-15 20:48:17 INFO  [main]: Parse input arguments
2023-03-15 20:48:17 INFO  [main]: Invalid input arguments
2023-03-15 20:48:17 WARN  [main]: Not existed command
2023-03-15 20:48:17 INFO  [main]: Parse input arguments
2023-03-15 20:48:17 DEBUG [main]: Declared fields from class was taken
2023-03-15 20:48:17 INFO  [main]: Created and run class Commands.SquareRoot
2023-03-15 20:48:17 WARN  [main]: No arguments for square root
2023-03-15 20:48:17 INFO  [main]: Parse input arguments
2023-03-15 20:48:17 DEBUG [main]: Declared fields from class was taken
2023-03-15 20:48:17 INFO  [main]: Created and run class Commands.Push
2023-03-15 20:48:17 INFO  [main]: Parse input arguments
2023-03-15 20:48:17 DEBUG [main]: Declared fields from class was taken
2023-03-15 20:48:17 INFO  [main]: Created and run class Commands.Addition
2023-03-15 20:48:17 WARN  [main]: Not enough arguments for +
2023-03-15 20:48:17 INFO  [main]: Parse input arguments
2023-03-15 20:48:17 DEBUG [main]: Declared fields from class was taken
2023-03-15 20:48:17 INFO  [main]: Created and run class Commands.Print
2023-03-15 20:48:17 INFO  [main]: Parse input arguments
2023-03-15 20:48:17 DEBUG [main]: Declared fields from class was taken
2023-03-15 20:48:17 INFO  [main]: Created and run class Commands.Pop
2023-03-15 20:48:17 INFO  [main]: Parse input arguments
2023-03-15 20:48:17 DEBUG [main]: Declared fields from class was taken
2023-03-15 20:48:17 INFO  [main]: Created and run class Commands.Define
2023-03-15 20:48:17 INFO  [main]: Parse input arguments
2023-03-15 20:48:17 DEBUG [main]: Declared fields from class was taken
2023-03-15 20:48:17 INFO  [main]: Created and run class Commands.Push
2023-03-15 20:48:17 INFO  [main]: Parse input arguments
2023-03-15 20:48:17 DEBUG [main]: Declared fields from class was taken
2023-03-15 20:48:17 INFO  [main]: Created and run class Commands.Define
2023-03-15 20:48:17 INFO  [main]: Parse input arguments
2023-03-15 20:48:17 DEBUG [main]: Declared fields from class was taken
2023-03-15 20:48:17 INFO  [main]: Created and run class Commands.Push
2023-03-15 20:48:17 INFO  [main]: Parse input arguments
2023-03-15 20:48:17 DEBUG [main]: Declared fields from class was taken
2023-03-15 20:48:17 INFO  [main]: Created and run class Commands.Addition
2023-03-15 20:48:17 INFO  [main]: Parse input arguments
2023-03-15 20:48:17 DEBUG [main]: Declared fields from class was taken
2023-03-15 20:48:17 INFO  [main]: Created and run class Commands.Print
2023-03-15 20:48:17 INFO  [main]: Parse input arguments
2023-03-15 20:48:17 DEBUG [main]: Declared fields from class was taken
2023-03-15 20:48:17 INFO  [main]: Created and run class Commands.Pop
